{
  "stats": {
    "suites": 1,
    "tests": 3,
    "passes": 3,
    "pending": 0,
    "failures": 0,
    "start": "2025-04-01T04:07:07.203Z",
    "end": "2025-04-01T04:07:16.126Z",
    "duration": 8923,
    "testsRegistered": 3,
    "passPercent": 100,
    "pendingPercent": 0,
    "other": 0,
    "hasOther": false,
    "skipped": 0,
    "hasSkipped": false
  },
  "results": [
    {
      "uuid": "8c4502c7-93fa-415c-8d8e-000edefe7ab4",
      "title": "",
      "fullFile": "cypress/e2e/navigation.cy.js",
      "file": "cypress/e2e/navigation.cy.js",
      "beforeHooks": [],
      "afterHooks": [],
      "tests": [],
      "suites": [
        {
          "uuid": "8a733cb3-554b-444b-9894-d4fa80f55097",
          "title": "Navigation Tests",
          "fullFile": "",
          "file": "",
          "beforeHooks": [],
          "afterHooks": [],
          "tests": [
            {
              "title": "should navigate to the home page from the navbar",
              "fullTitle": "Navigation Tests should navigate to the home page from the navbar",
              "timedOut": null,
              "duration": 2266,
              "state": "passed",
              "speed": "fast",
              "pass": true,
              "fail": false,
              "pending": false,
              "context": null,
              "code": "cy.visit('/posts/harcelement-en-ligne');\ncy.wait(1000);\ncy.get('a[href=\"/\"]').first().click({\n  force: true\n});\ncy.url().should('eq', Cypress.config().baseUrl + '/');\ncy.get('h1.ParallaxHero_title__K8rqy').should('exist');",
              "err": {},
              "uuid": "8aab5874-dad8-4d60-b1ae-342bab35a0f1",
              "parentUUID": "8a733cb3-554b-444b-9894-d4fa80f55097",
              "isHook": false,
              "skipped": false
            },
            {
              "title": "should navigate between blog posts",
              "fullTitle": "Navigation Tests should navigate between blog posts",
              "timedOut": null,
              "duration": 4446,
              "state": "passed",
              "speed": "fast",
              "pass": true,
              "fail": false,
              "pending": false,
              "context": null,
              "code": "cy.visit('/');\ncy.wait(1000);\n// Get the first post link and store its URL\ncy.get('a[href^=\"/posts/\"]').first().then($firstLink => {\n  const firstPostUrl = $firstLink.attr('href');\n  // Click on the first post\n  cy.get('a[href^=\"/posts/\"]').first().click({\n    force: true\n  });\n  cy.url().should('include', firstPostUrl);\n  // Go back to home\n  cy.visit('/');\n  cy.wait(1000);\n  // Click on the second post\n  cy.get('a[href^=\"/posts/\"]').eq(1).then($secondLink => {\n    const secondPostUrl = $secondLink.attr('href');\n    // Make sure it's different from the first post\n    expect(secondPostUrl).not.to.eq(firstPostUrl);\n    cy.get('a[href^=\"/posts/\"]').eq(1).click({\n      force: true\n    });\n    cy.url().should('include', secondPostUrl);\n  });\n});",
              "err": {},
              "uuid": "60c6aef8-fbf7-4463-ada9-83a5e77fd4e6",
              "parentUUID": "8a733cb3-554b-444b-9894-d4fa80f55097",
              "isHook": false,
              "skipped": false
            },
            {
              "title": "should have a navbar with navigation links",
              "fullTitle": "Navigation Tests should have a navbar with navigation links",
              "timedOut": null,
              "duration": 1985,
              "state": "passed",
              "speed": "fast",
              "pass": true,
              "fail": false,
              "pending": false,
              "context": null,
              "code": "cy.visit('/');\ncy.wait(1000);\n// Verify the navbar exists\ncy.get('nav').should('exist');\n// Verify that there are navigation links\ncy.get('nav a').should('exist');",
              "err": {},
              "uuid": "5e304915-14fa-4af5-9220-521be5dfe7b4",
              "parentUUID": "8a733cb3-554b-444b-9894-d4fa80f55097",
              "isHook": false,
              "skipped": false
            }
          ],
          "suites": [],
          "passes": [
            "8aab5874-dad8-4d60-b1ae-342bab35a0f1",
            "60c6aef8-fbf7-4463-ada9-83a5e77fd4e6",
            "5e304915-14fa-4af5-9220-521be5dfe7b4"
          ],
          "failures": [],
          "pending": [],
          "skipped": [],
          "duration": 8697,
          "root": false,
          "rootEmpty": false,
          "_timeout": 2000
        }
      ],
      "passes": [],
      "failures": [],
      "pending": [],
      "skipped": [],
      "duration": 0,
      "root": true,
      "rootEmpty": true,
      "_timeout": 2000
    }
  ],
  "meta": {
    "mocha": {
      "version": "7.0.1"
    },
    "mochawesome": {
      "options": {
        "quiet": false,
        "reportFilename": "mochawesome",
        "saveHtml": true,
        "saveJson": true,
        "consoleReporter": "spec",
        "useInlineDiffs": false,
        "code": true
      },
      "version": "7.1.3"
    },
    "marge": {
      "options": {
        "id": "default",
        "reportDir": "cypress/reports/mochawesome",
        "overwrite": false,
        "html": true,
        "json": true
      },
      "version": "6.2.0"
    }
  }
}