{
  "stats": {
    "suites": 1,
    "tests": 4,
    "passes": 4,
    "pending": 0,
    "failures": 0,
    "start": "2025-04-04T07:17:33.864Z",
    "end": "2025-04-04T07:17:38.824Z",
    "duration": 4960,
    "testsRegistered": 4,
    "passPercent": 100,
    "pendingPercent": 0,
    "other": 0,
    "hasOther": false,
    "skipped": 0,
    "hasSkipped": false
  },
  "results": [
    {
      "uuid": "b9abfb18-67d4-4e73-b05b-9b7712002727",
      "title": "",
      "fullFile": "cypress/e2e/blog.cy.js",
      "file": "cypress/e2e/blog.cy.js",
      "beforeHooks": [],
      "afterHooks": [],
      "tests": [],
      "suites": [
        {
          "uuid": "f04b171d-168f-49c0-b779-ed88de7ffcc3",
          "title": "Blog Tests",
          "fullFile": "",
          "file": "",
          "beforeHooks": [],
          "afterHooks": [],
          "tests": [
            {
              "title": "should navigate to the home page",
              "fullTitle": "Blog Tests should navigate to the home page",
              "timedOut": null,
              "duration": 374,
              "state": "passed",
              "speed": "fast",
              "pass": true,
              "fail": false,
              "pending": false,
              "context": null,
              "code": "cy.visit('/');\n// Utiliser exist au lieu de be.visible pour éviter les problèmes d'affichage\ncy.get('h1.ParallaxHero_title__K8rqy').should('exist');\ncy.get('a[href^=\"/posts/\"]').should('have.length.greaterThan', 0);",
              "err": {},
              "uuid": "d5b42a8f-f648-4e1c-acfa-d6f780ec58f9",
              "parentUUID": "f04b171d-168f-49c0-b779-ed88de7ffcc3",
              "isHook": false,
              "skipped": false
            },
            {
              "title": "should navigate to a blog post",
              "fullTitle": "Blog Tests should navigate to a blog post",
              "timedOut": null,
              "duration": 1861,
              "state": "passed",
              "speed": "fast",
              "pass": true,
              "fail": false,
              "pending": false,
              "context": null,
              "code": "cy.visit('/');\n// Ajouter un délai pour s'assurer que la page est complètement chargée\ncy.wait(1000);\n// Utiliser force: true pour cliquer même si l'élément n'est pas visible\ncy.get('a[href^=\"/posts/\"]').first().click({\n  force: true\n});\n// Vérifier l'URL plutôt que la visibilité des éléments\ncy.url().should('include', '/posts/');\n// Vérifier l'existence de l'élément plutôt que sa visibilité\ncy.get('h1').should('exist');",
              "err": {},
              "uuid": "b9746fc4-0eaa-44c2-b5eb-3706f5d7013c",
              "parentUUID": "f04b171d-168f-49c0-b779-ed88de7ffcc3",
              "isHook": false,
              "skipped": false
            },
            {
              "title": "should load article content",
              "fullTitle": "Blog Tests should load article content",
              "timedOut": null,
              "duration": 1328,
              "state": "passed",
              "speed": "fast",
              "pass": true,
              "fail": false,
              "pending": false,
              "context": null,
              "code": "cy.visit('/posts/harcelement-en-ligne');\n// Ajouter un délai pour s'assurer que la page est complètement chargée\ncy.wait(1000);\n// Vérifier l'existence plutôt que la visibilité\ncy.get('h1').should('exist');\n// Vérifier que le contenu de la page est chargé\ncy.get('[class^=\"PostContent_postContent\"]').should('exist');",
              "err": {},
              "uuid": "17888e51-af75-4e00-b296-3c5df2f7b2ae",
              "parentUUID": "f04b171d-168f-49c0-b779-ed88de7ffcc3",
              "isHook": false,
              "skipped": false
            },
            {
              "title": "should load Bluesky embeds",
              "fullTitle": "Blog Tests should load Bluesky embeds",
              "timedOut": null,
              "duration": 1111,
              "state": "passed",
              "speed": "fast",
              "pass": true,
              "fail": false,
              "pending": false,
              "context": null,
              "code": "cy.visit('/posts/harcelement-en-ligne');\n// Ajouter un délai pour s'assurer que la page est complètement chargée\ncy.wait(1000);\n// Vérifier que le contenu de la page est chargé\ncy.get('main').should('exist');",
              "err": {},
              "uuid": "05533635-9f27-4c33-a0f8-4884f511fd3f",
              "parentUUID": "f04b171d-168f-49c0-b779-ed88de7ffcc3",
              "isHook": false,
              "skipped": false
            }
          ],
          "suites": [],
          "passes": [
            "d5b42a8f-f648-4e1c-acfa-d6f780ec58f9",
            "b9746fc4-0eaa-44c2-b5eb-3706f5d7013c",
            "17888e51-af75-4e00-b296-3c5df2f7b2ae",
            "05533635-9f27-4c33-a0f8-4884f511fd3f"
          ],
          "failures": [],
          "pending": [],
          "skipped": [],
          "duration": 4674,
          "root": false,
          "rootEmpty": false,
          "_timeout": 2000
        }
      ],
      "passes": [],
      "failures": [],
      "pending": [],
      "skipped": [],
      "duration": 0,
      "root": true,
      "rootEmpty": true,
      "_timeout": 2000
    }
  ],
  "meta": {
    "mocha": {
      "version": "7.0.1"
    },
    "mochawesome": {
      "options": {
        "quiet": false,
        "reportFilename": "mochawesome",
        "saveHtml": true,
        "saveJson": true,
        "consoleReporter": "spec",
        "useInlineDiffs": false,
        "code": true
      },
      "version": "7.1.3"
    },
    "marge": {
      "options": {
        "id": "default",
        "reportDir": "cypress/reports/mochawesome",
        "overwrite": false,
        "html": true,
        "json": true
      },
      "version": "6.2.0"
    }
  }
}