{
  "stats": {
    "suites": 1,
    "tests": 4,
    "passes": 4,
    "pending": 0,
    "failures": 0,
    "start": "2025-04-04T07:17:48.023Z",
    "end": "2025-04-04T07:17:53.049Z",
    "duration": 5026,
    "testsRegistered": 4,
    "passPercent": 100,
    "pendingPercent": 0,
    "other": 0,
    "hasOther": false,
    "skipped": 0,
    "hasSkipped": false
  },
  "results": [
    {
      "uuid": "8e13b624-6c48-40c3-b291-a674cc93d39e",
      "title": "",
      "fullFile": "cypress/e2e/embeds.cy.js",
      "file": "cypress/e2e/embeds.cy.js",
      "beforeHooks": [],
      "afterHooks": [],
      "tests": [],
      "suites": [
        {
          "uuid": "2be278dd-265b-474f-8f6e-ccf91ae49940",
          "title": "Embeds Tests",
          "fullFile": "",
          "file": "",
          "beforeHooks": [],
          "afterHooks": [],
          "tests": [
            {
              "title": "should have post content on a specific post page",
              "fullTitle": "Embeds Tests should have post content on a specific post page",
              "timedOut": null,
              "duration": 1216,
              "state": "passed",
              "speed": "fast",
              "pass": true,
              "fail": false,
              "pending": false,
              "context": null,
              "code": "cy.visit('/posts/first-post');\ncy.wait(1000);\n// Check that the post content exists\ncy.get('div').should('exist');",
              "err": {},
              "uuid": "325f1095-9b8e-4351-b93d-edd9ec32d8c9",
              "parentUUID": "2be278dd-265b-474f-8f6e-ccf91ae49940",
              "isHook": false,
              "skipped": false
            },
            {
              "title": "should have post links on the homepage",
              "fullTitle": "Embeds Tests should have post links on the homepage",
              "timedOut": null,
              "duration": 1219,
              "state": "passed",
              "speed": "fast",
              "pass": true,
              "fail": false,
              "pending": false,
              "context": null,
              "code": "// Visit the homepage first\ncy.visit('/');\ncy.wait(1000);\n// Check that post links exist\ncy.get('a[href^=\"/posts/\"]').should('exist');",
              "err": {},
              "uuid": "e618c905-07e3-4b73-a9d3-f0ab95f0ac8b",
              "parentUUID": "2be278dd-265b-474f-8f6e-ccf91ae49940",
              "isHook": false,
              "skipped": false
            },
            {
              "title": "should have a navigation menu",
              "fullTitle": "Embeds Tests should have a navigation menu",
              "timedOut": null,
              "duration": 1088,
              "state": "passed",
              "speed": "fast",
              "pass": true,
              "fail": false,
              "pending": false,
              "context": null,
              "code": "cy.visit('/');\ncy.wait(1000);\n// Check that navigation exists\ncy.get('nav').should('exist');",
              "err": {},
              "uuid": "29ee3a55-13eb-4075-9cb8-877420936d2d",
              "parentUUID": "2be278dd-265b-474f-8f6e-ccf91ae49940",
              "isHook": false,
              "skipped": false
            },
            {
              "title": "should have articles on the homepage",
              "fullTitle": "Embeds Tests should have articles on the homepage",
              "timedOut": null,
              "duration": 1299,
              "state": "passed",
              "speed": "fast",
              "pass": true,
              "fail": false,
              "pending": false,
              "context": null,
              "code": "cy.visit('/');\ncy.wait(1000);\n// Check that articles exist\ncy.get('article').should('exist');",
              "err": {},
              "uuid": "2a8e67b9-e201-4452-9de4-9d5f184e6162",
              "parentUUID": "2be278dd-265b-474f-8f6e-ccf91ae49940",
              "isHook": false,
              "skipped": false
            }
          ],
          "suites": [],
          "passes": [
            "325f1095-9b8e-4351-b93d-edd9ec32d8c9",
            "e618c905-07e3-4b73-a9d3-f0ab95f0ac8b",
            "29ee3a55-13eb-4075-9cb8-877420936d2d",
            "2a8e67b9-e201-4452-9de4-9d5f184e6162"
          ],
          "failures": [],
          "pending": [],
          "skipped": [],
          "duration": 4822,
          "root": false,
          "rootEmpty": false,
          "_timeout": 2000
        }
      ],
      "passes": [],
      "failures": [],
      "pending": [],
      "skipped": [],
      "duration": 0,
      "root": true,
      "rootEmpty": true,
      "_timeout": 2000
    }
  ],
  "meta": {
    "mocha": {
      "version": "7.0.1"
    },
    "mochawesome": {
      "options": {
        "quiet": false,
        "reportFilename": "mochawesome",
        "saveHtml": true,
        "saveJson": true,
        "consoleReporter": "spec",
        "useInlineDiffs": false,
        "code": true
      },
      "version": "7.1.3"
    },
    "marge": {
      "options": {
        "id": "default",
        "reportDir": "cypress/reports/mochawesome",
        "overwrite": false,
        "html": true,
        "json": true
      },
      "version": "6.2.0"
    }
  }
}