<?xml version="1.0" encoding="UTF-8"?>
<testsuites name="jest tests" tests="20" failures="6" errors="0" time="3.374">
  <testsuite name="Utils" errors="0" failures="0" skipped="0" timestamp="2025-04-14T10:16:38" time="1.017" tests="10">
    <testcase classname="Utils slugify converts strings to lowercase" name="Utils slugify converts strings to lowercase" time="0.011">
    </testcase>
    <testcase classname="Utils slugify replaces spaces with hyphens" name="Utils slugify replaces spaces with hyphens" time="0.001">
    </testcase>
    <testcase classname="Utils slugify removes special characters" name="Utils slugify removes special characters" time="0">
    </testcase>
    <testcase classname="Utils slugify handles accented characters" name="Utils slugify handles accented characters" time="0.001">
    </testcase>
    <testcase classname="Utils slugify removes trailing hyphens" name="Utils slugify removes trailing hyphens" time="0">
    </testcase>
    <testcase classname="Utils slugify handles empty strings" name="Utils slugify handles empty strings" time="0.001">
    </testcase>
    <testcase classname="Utils slugify handles null or undefined" name="Utils slugify handles null or undefined" time="0">
    </testcase>
    <testcase classname="Utils formatDate function formats dates correctly" name="Utils formatDate function formats dates correctly" time="0.064">
    </testcase>
    <testcase classname="Utils formatDate function handles different date formats" name="Utils formatDate function handles different date formats" time="0">
    </testcase>
    <testcase classname="Utils formatDate function handles invalid dates" name="Utils formatDate function handles invalid dates" time="0.001">
    </testcase>
  </testsuite>
  <testsuite name="Posts Library" errors="0" failures="1" skipped="0" timestamp="2025-04-14T10:16:38" time="1.063" tests="3">
    <testcase classname="Posts Library getSortedPostsData returns posts sorted by date" name="Posts Library getSortedPostsData returns posts sorted by date" time="0.007">
    </testcase>
    <testcase classname="Posts Library getAllPostIds returns formatted ids" name="Posts Library getAllPostIds returns formatted ids" time="0.002">
    </testcase>
    <testcase classname="Posts Library getPostData returns post data with content" name="Posts Library getPostData returns post data with content" time="0.007">
      <failure>/home/seb/GITRepos/bikininjas.github.io/nextjs-blog/node_modules/jest-message-util/build/index.js:1
---

SyntaxError: Invalid left-hand side expression in prefix operation
    at wrapSafe (node:internal/modules/cjs/loader:1378:20)
    at Module._compile (node:internal/modules/cjs/loader:1428:41)
    at Object.Module._extensions..js (node:internal/modules/cjs/loader:1548:10)
    at Module.load (node:internal/modules/cjs/loader:1288:32)
    at Function.Module._load (node:internal/modules/cjs/loader:1104:12)
    at Module.require (node:internal/modules/cjs/loader:1311:19)
    at Module.call [as require] (/home/seb/GITRepos/bikininjas.github.io/nextjs-blog/node_modules/next/src/server/require-hook.ts:70:26)
    at require (node:internal/modules/helpers:179:18)
    at _jestMessageUtil (/home/seb/GITRepos/bikininjas.github.io/nextjs-blog/node_modules/@jest/console/build/getConsoleOutput.js:15:16)
    at /home/seb/GITRepos/bikininjas.github.io/nextjs-blog/node_modules/@jest/console/build/getConsoleOutput.js:58:37
    at Array.reduce (&lt;anonymous&gt;)
    at getConsoleOutput (/home/seb/GITRepos/bikininjas.github.io/nextjs-blog/node_modules/@jest/console/build/getConsoleOutput.js:35:29)
    at consoleFormatter [as _formatBuffer] (/home/seb/GITRepos/bikininjas.github.io/nextjs-blog/node_modules/jest-runner/build/runTest.js:208:37)
    at console._log (/home/seb/GITRepos/bikininjas.github.io/nextjs-blog/node_modules/@jest/console/build/CustomConsole.js:69:12)
    at console.log (/home/seb/GITRepos/bikininjas.github.io/nextjs-blog/node_modules/@jest/console/build/CustomConsole.js:141:10)
    at log (/home/seb/GITRepos/bikininjas.github.io/nextjs-blog/lib/posts.js:149:11)
    at processTicksAndRejections (node:internal/process/task_queues:95:5)
    at Object.&lt;anonymous&gt; (/home/seb/GITRepos/bikininjas.github.io/nextjs-blog/tests/unit/lib/posts.test.js:66:20)</failure>
    </testcase>
  </testsuite>
  <testsuite name="Document Component" errors="0" failures="3" skipped="0" timestamp="2025-04-14T10:16:38" time="1.316" tests="3">
    <testcase classname="Document Component renders document structure with lang attribute" name="Document Component renders document structure with lang attribute" time="0.101">
      <failure>Error: &lt;Html&gt; should not be imported outside of pages/_document.
Read more: https://nextjs.org/docs/messages/no-document-import-in-page
    at useHtmlContext (/home/seb/GITRepos/bikininjas.github.io/nextjs-blog/node_modules/next/src/shared/lib/html-context.shared-runtime.ts:65:11)
    at Html (/home/seb/GITRepos/bikininjas.github.io/nextjs-blog/node_modules/next/src/pages/_document.tsx:1155:21)
    at renderWithHooks (/home/seb/GITRepos/bikininjas.github.io/nextjs-blog/node_modules/react-dom/cjs/react-dom.development.js:15486:18)
    at mountIndeterminateComponent (/home/seb/GITRepos/bikininjas.github.io/nextjs-blog/node_modules/react-dom/cjs/react-dom.development.js:20103:13)
    at beginWork (/home/seb/GITRepos/bikininjas.github.io/nextjs-blog/node_modules/react-dom/cjs/react-dom.development.js:21626:16)
    at beginWork$1 (/home/seb/GITRepos/bikininjas.github.io/nextjs-blog/node_modules/react-dom/cjs/react-dom.development.js:27465:14)
    at performUnitOfWork (/home/seb/GITRepos/bikininjas.github.io/nextjs-blog/node_modules/react-dom/cjs/react-dom.development.js:26599:12)
    at workLoopSync (/home/seb/GITRepos/bikininjas.github.io/nextjs-blog/node_modules/react-dom/cjs/react-dom.development.js:26505:5)
    at renderRootSync (/home/seb/GITRepos/bikininjas.github.io/nextjs-blog/node_modules/react-dom/cjs/react-dom.development.js:26473:7)
    at recoverFromConcurrentError (/home/seb/GITRepos/bikininjas.github.io/nextjs-blog/node_modules/react-dom/cjs/react-dom.development.js:25889:20)
    at performConcurrentWorkOnRoot (/home/seb/GITRepos/bikininjas.github.io/nextjs-blog/node_modules/react-dom/cjs/react-dom.development.js:25789:22)
    at flushActQueue (/home/seb/GITRepos/bikininjas.github.io/nextjs-blog/node_modules/react/cjs/react.development.js:2667:24)
    at act (/home/seb/GITRepos/bikininjas.github.io/nextjs-blog/node_modules/react/cjs/react.development.js:2582:11)
    at actWithWarning (/home/seb/GITRepos/bikininjas.github.io/nextjs-blog/node_modules/react-dom/cjs/react-dom-test-utils.development.js:1740:10)
    at /home/seb/GITRepos/bikininjas.github.io/nextjs-blog/node_modules/@testing-library/react/dist/act-compat.js:63:25
    at renderRoot (/home/seb/GITRepos/bikininjas.github.io/nextjs-blog/node_modules/@testing-library/react/dist/pure.js:159:26)
    at render (/home/seb/GITRepos/bikininjas.github.io/nextjs-blog/node_modules/@testing-library/react/dist/pure.js:246:10)
    at Object.&lt;anonymous&gt; (/home/seb/GITRepos/bikininjas.github.io/nextjs-blog/tests/unit/document.test.js:38:35)
    at Promise.then.completed (/home/seb/GITRepos/bikininjas.github.io/nextjs-blog/node_modules/jest-circus/build/utils.js:298:28)
    at new Promise (&lt;anonymous&gt;)
    at callAsyncCircusFn (/home/seb/GITRepos/bikininjas.github.io/nextjs-blog/node_modules/jest-circus/build/utils.js:231:10)
    at _callCircusTest (/home/seb/GITRepos/bikininjas.github.io/nextjs-blog/node_modules/jest-circus/build/run.js:316:40)
    at processTicksAndRejections (node:internal/process/task_queues:95:5)
    at _runTest (/home/seb/GITRepos/bikininjas.github.io/nextjs-blog/node_modules/jest-circus/build/run.js:252:3)
    at _runTestsForDescribeBlock (/home/seb/GITRepos/bikininjas.github.io/nextjs-blog/node_modules/jest-circus/build/run.js:126:9)
    at _runTestsForDescribeBlock (/home/seb/GITRepos/bikininjas.github.io/nextjs-blog/node_modules/jest-circus/build/run.js:121:9)
    at run (/home/seb/GITRepos/bikininjas.github.io/nextjs-blog/node_modules/jest-circus/build/run.js:71:3)
    at runAndTransformResultsToJestFormat (/home/seb/GITRepos/bikininjas.github.io/nextjs-blog/node_modules/jest-circus/build/legacy-code-todo-rewrite/jestAdapterInit.js:122:21)
    at jestAdapter (/home/seb/GITRepos/bikininjas.github.io/nextjs-blog/node_modules/jest-circus/build/legacy-code-todo-rewrite/jestAdapter.js:79:19)
    at runTestInternal (/home/seb/GITRepos/bikininjas.github.io/nextjs-blog/node_modules/jest-runner/build/runTest.js:367:16)
    at runTest (/home/seb/GITRepos/bikininjas.github.io/nextjs-blog/node_modules/jest-runner/build/runTest.js:444:34)
    at Object.worker (/home/seb/GITRepos/bikininjas.github.io/nextjs-blog/node_modules/jest-runner/build/testWorker.js:106:12)</failure>
    </testcase>
    <testcase classname="Document Component renders head component" name="Document Component renders head component" time="0.03">
      <failure>Error: &lt;Html&gt; should not be imported outside of pages/_document.
Read more: https://nextjs.org/docs/messages/no-document-import-in-page
    at useHtmlContext (/home/seb/GITRepos/bikininjas.github.io/nextjs-blog/node_modules/next/src/shared/lib/html-context.shared-runtime.ts:65:11)
    at Html (/home/seb/GITRepos/bikininjas.github.io/nextjs-blog/node_modules/next/src/pages/_document.tsx:1155:21)
    at renderWithHooks (/home/seb/GITRepos/bikininjas.github.io/nextjs-blog/node_modules/react-dom/cjs/react-dom.development.js:15486:18)
    at mountIndeterminateComponent (/home/seb/GITRepos/bikininjas.github.io/nextjs-blog/node_modules/react-dom/cjs/react-dom.development.js:20103:13)
    at beginWork (/home/seb/GITRepos/bikininjas.github.io/nextjs-blog/node_modules/react-dom/cjs/react-dom.development.js:21626:16)
    at beginWork$1 (/home/seb/GITRepos/bikininjas.github.io/nextjs-blog/node_modules/react-dom/cjs/react-dom.development.js:27465:14)
    at performUnitOfWork (/home/seb/GITRepos/bikininjas.github.io/nextjs-blog/node_modules/react-dom/cjs/react-dom.development.js:26599:12)
    at workLoopSync (/home/seb/GITRepos/bikininjas.github.io/nextjs-blog/node_modules/react-dom/cjs/react-dom.development.js:26505:5)
    at renderRootSync (/home/seb/GITRepos/bikininjas.github.io/nextjs-blog/node_modules/react-dom/cjs/react-dom.development.js:26473:7)
    at recoverFromConcurrentError (/home/seb/GITRepos/bikininjas.github.io/nextjs-blog/node_modules/react-dom/cjs/react-dom.development.js:25889:20)
    at performConcurrentWorkOnRoot (/home/seb/GITRepos/bikininjas.github.io/nextjs-blog/node_modules/react-dom/cjs/react-dom.development.js:25789:22)
    at flushActQueue (/home/seb/GITRepos/bikininjas.github.io/nextjs-blog/node_modules/react/cjs/react.development.js:2667:24)
    at act (/home/seb/GITRepos/bikininjas.github.io/nextjs-blog/node_modules/react/cjs/react.development.js:2582:11)
    at actWithWarning (/home/seb/GITRepos/bikininjas.github.io/nextjs-blog/node_modules/react-dom/cjs/react-dom-test-utils.development.js:1740:10)
    at /home/seb/GITRepos/bikininjas.github.io/nextjs-blog/node_modules/@testing-library/react/dist/act-compat.js:63:25
    at renderRoot (/home/seb/GITRepos/bikininjas.github.io/nextjs-blog/node_modules/@testing-library/react/dist/pure.js:159:26)
    at render (/home/seb/GITRepos/bikininjas.github.io/nextjs-blog/node_modules/@testing-library/react/dist/pure.js:246:10)
    at Object.&lt;anonymous&gt; (/home/seb/GITRepos/bikininjas.github.io/nextjs-blog/tests/unit/document.test.js:52:35)
    at Promise.then.completed (/home/seb/GITRepos/bikininjas.github.io/nextjs-blog/node_modules/jest-circus/build/utils.js:298:28)
    at new Promise (&lt;anonymous&gt;)
    at callAsyncCircusFn (/home/seb/GITRepos/bikininjas.github.io/nextjs-blog/node_modules/jest-circus/build/utils.js:231:10)
    at _callCircusTest (/home/seb/GITRepos/bikininjas.github.io/nextjs-blog/node_modules/jest-circus/build/run.js:316:40)
    at processTicksAndRejections (node:internal/process/task_queues:95:5)
    at _runTest (/home/seb/GITRepos/bikininjas.github.io/nextjs-blog/node_modules/jest-circus/build/run.js:252:3)
    at _runTestsForDescribeBlock (/home/seb/GITRepos/bikininjas.github.io/nextjs-blog/node_modules/jest-circus/build/run.js:126:9)
    at _runTestsForDescribeBlock (/home/seb/GITRepos/bikininjas.github.io/nextjs-blog/node_modules/jest-circus/build/run.js:121:9)
    at run (/home/seb/GITRepos/bikininjas.github.io/nextjs-blog/node_modules/jest-circus/build/run.js:71:3)
    at runAndTransformResultsToJestFormat (/home/seb/GITRepos/bikininjas.github.io/nextjs-blog/node_modules/jest-circus/build/legacy-code-todo-rewrite/jestAdapterInit.js:122:21)
    at jestAdapter (/home/seb/GITRepos/bikininjas.github.io/nextjs-blog/node_modules/jest-circus/build/legacy-code-todo-rewrite/jestAdapter.js:79:19)
    at runTestInternal (/home/seb/GITRepos/bikininjas.github.io/nextjs-blog/node_modules/jest-runner/build/runTest.js:367:16)
    at runTest (/home/seb/GITRepos/bikininjas.github.io/nextjs-blog/node_modules/jest-runner/build/runTest.js:444:34)
    at Object.worker (/home/seb/GITRepos/bikininjas.github.io/nextjs-blog/node_modules/jest-runner/build/testWorker.js:106:12)</failure>
    </testcase>
    <testcase classname="Document Component renders main and nextscript components" name="Document Component renders main and nextscript components" time="0.024">
      <failure>Error: &lt;Html&gt; should not be imported outside of pages/_document.
Read more: https://nextjs.org/docs/messages/no-document-import-in-page
    at useHtmlContext (/home/seb/GITRepos/bikininjas.github.io/nextjs-blog/node_modules/next/src/shared/lib/html-context.shared-runtime.ts:65:11)
    at Html (/home/seb/GITRepos/bikininjas.github.io/nextjs-blog/node_modules/next/src/pages/_document.tsx:1155:21)
    at renderWithHooks (/home/seb/GITRepos/bikininjas.github.io/nextjs-blog/node_modules/react-dom/cjs/react-dom.development.js:15486:18)
    at mountIndeterminateComponent (/home/seb/GITRepos/bikininjas.github.io/nextjs-blog/node_modules/react-dom/cjs/react-dom.development.js:20103:13)
    at beginWork (/home/seb/GITRepos/bikininjas.github.io/nextjs-blog/node_modules/react-dom/cjs/react-dom.development.js:21626:16)
    at beginWork$1 (/home/seb/GITRepos/bikininjas.github.io/nextjs-blog/node_modules/react-dom/cjs/react-dom.development.js:27465:14)
    at performUnitOfWork (/home/seb/GITRepos/bikininjas.github.io/nextjs-blog/node_modules/react-dom/cjs/react-dom.development.js:26599:12)
    at workLoopSync (/home/seb/GITRepos/bikininjas.github.io/nextjs-blog/node_modules/react-dom/cjs/react-dom.development.js:26505:5)
    at renderRootSync (/home/seb/GITRepos/bikininjas.github.io/nextjs-blog/node_modules/react-dom/cjs/react-dom.development.js:26473:7)
    at recoverFromConcurrentError (/home/seb/GITRepos/bikininjas.github.io/nextjs-blog/node_modules/react-dom/cjs/react-dom.development.js:25889:20)
    at performConcurrentWorkOnRoot (/home/seb/GITRepos/bikininjas.github.io/nextjs-blog/node_modules/react-dom/cjs/react-dom.development.js:25789:22)
    at flushActQueue (/home/seb/GITRepos/bikininjas.github.io/nextjs-blog/node_modules/react/cjs/react.development.js:2667:24)
    at act (/home/seb/GITRepos/bikininjas.github.io/nextjs-blog/node_modules/react/cjs/react.development.js:2582:11)
    at actWithWarning (/home/seb/GITRepos/bikininjas.github.io/nextjs-blog/node_modules/react-dom/cjs/react-dom-test-utils.development.js:1740:10)
    at /home/seb/GITRepos/bikininjas.github.io/nextjs-blog/node_modules/@testing-library/react/dist/act-compat.js:63:25
    at renderRoot (/home/seb/GITRepos/bikininjas.github.io/nextjs-blog/node_modules/@testing-library/react/dist/pure.js:159:26)
    at render (/home/seb/GITRepos/bikininjas.github.io/nextjs-blog/node_modules/@testing-library/react/dist/pure.js:246:10)
    at Object.&lt;anonymous&gt; (/home/seb/GITRepos/bikininjas.github.io/nextjs-blog/tests/unit/document.test.js:66:35)
    at Promise.then.completed (/home/seb/GITRepos/bikininjas.github.io/nextjs-blog/node_modules/jest-circus/build/utils.js:298:28)
    at new Promise (&lt;anonymous&gt;)
    at callAsyncCircusFn (/home/seb/GITRepos/bikininjas.github.io/nextjs-blog/node_modules/jest-circus/build/utils.js:231:10)
    at _callCircusTest (/home/seb/GITRepos/bikininjas.github.io/nextjs-blog/node_modules/jest-circus/build/run.js:316:40)
    at processTicksAndRejections (node:internal/process/task_queues:95:5)
    at _runTest (/home/seb/GITRepos/bikininjas.github.io/nextjs-blog/node_modules/jest-circus/build/run.js:252:3)
    at _runTestsForDescribeBlock (/home/seb/GITRepos/bikininjas.github.io/nextjs-blog/node_modules/jest-circus/build/run.js:126:9)
    at _runTestsForDescribeBlock (/home/seb/GITRepos/bikininjas.github.io/nextjs-blog/node_modules/jest-circus/build/run.js:121:9)
    at run (/home/seb/GITRepos/bikininjas.github.io/nextjs-blog/node_modules/jest-circus/build/run.js:71:3)
    at runAndTransformResultsToJestFormat (/home/seb/GITRepos/bikininjas.github.io/nextjs-blog/node_modules/jest-circus/build/legacy-code-todo-rewrite/jestAdapterInit.js:122:21)
    at jestAdapter (/home/seb/GITRepos/bikininjas.github.io/nextjs-blog/node_modules/jest-circus/build/legacy-code-todo-rewrite/jestAdapter.js:79:19)
    at runTestInternal (/home/seb/GITRepos/bikininjas.github.io/nextjs-blog/node_modules/jest-runner/build/runTest.js:367:16)
    at runTest (/home/seb/GITRepos/bikininjas.github.io/nextjs-blog/node_modules/jest-runner/build/runTest.js:444:34)
    at Object.worker (/home/seb/GITRepos/bikininjas.github.io/nextjs-blog/node_modules/jest-runner/build/testWorker.js:106:12)</failure>
    </testcase>
  </testsuite>
  <testsuite name="SocialShareButtons" errors="0" failures="2" skipped="0" timestamp="2025-04-14T10:16:38" time="2.273" tests="4">
    <testcase classname="SocialShareButtons renders all share buttons with proper accessibility attributes" name="SocialShareButtons renders all share buttons with proper accessibility attributes" time="0.093">
    </testcase>
    <testcase classname="SocialShareButtons opens share links in new window when clicked" name="SocialShareButtons opens share links in new window when clicked" time="0.017">
      <failure>Error: expect(jest.fn()).toHaveBeenCalledWith(...expected)

Expected: StringContaining &quot;twitter.com/intent/tweet&quot;, &quot;_blank&quot;
Received: &quot;https://twitter.com/intent/tweet?text=Test%20Title&amp;url=https%3A%2F%2Fexample.com%2Ftest&quot;, &quot;_blank&quot;, &quot;noopener,noreferrer&quot;

Number of calls: 1
    at Object.toHaveBeenCalledWith (/home/seb/GITRepos/bikininjas.github.io/nextjs-blog/components/SocialShareButtons.test.js:53:22)
    at Promise.then.completed (/home/seb/GITRepos/bikininjas.github.io/nextjs-blog/node_modules/jest-circus/build/utils.js:298:28)
    at new Promise (&lt;anonymous&gt;)
    at callAsyncCircusFn (/home/seb/GITRepos/bikininjas.github.io/nextjs-blog/node_modules/jest-circus/build/utils.js:231:10)
    at _callCircusTest (/home/seb/GITRepos/bikininjas.github.io/nextjs-blog/node_modules/jest-circus/build/run.js:316:40)
    at processTicksAndRejections (node:internal/process/task_queues:95:5)
    at _runTest (/home/seb/GITRepos/bikininjas.github.io/nextjs-blog/node_modules/jest-circus/build/run.js:252:3)
    at _runTestsForDescribeBlock (/home/seb/GITRepos/bikininjas.github.io/nextjs-blog/node_modules/jest-circus/build/run.js:126:9)
    at _runTestsForDescribeBlock (/home/seb/GITRepos/bikininjas.github.io/nextjs-blog/node_modules/jest-circus/build/run.js:121:9)
    at run (/home/seb/GITRepos/bikininjas.github.io/nextjs-blog/node_modules/jest-circus/build/run.js:71:3)
    at runAndTransformResultsToJestFormat (/home/seb/GITRepos/bikininjas.github.io/nextjs-blog/node_modules/jest-circus/build/legacy-code-todo-rewrite/jestAdapterInit.js:122:21)
    at jestAdapter (/home/seb/GITRepos/bikininjas.github.io/nextjs-blog/node_modules/jest-circus/build/legacy-code-todo-rewrite/jestAdapter.js:79:19)
    at runTestInternal (/home/seb/GITRepos/bikininjas.github.io/nextjs-blog/node_modules/jest-runner/build/runTest.js:367:16)
    at runTest (/home/seb/GITRepos/bikininjas.github.io/nextjs-blog/node_modules/jest-runner/build/runTest.js:444:34)
    at Object.worker (/home/seb/GITRepos/bikininjas.github.io/nextjs-blog/node_modules/jest-runner/build/testWorker.js:106:12)</failure>
    </testcase>
    <testcase classname="SocialShareButtons copies link to clipboard and shows confirmation" name="SocialShareButtons copies link to clipboard and shows confirmation" time="0.019">
    </testcase>
    <testcase classname="SocialShareButtons handles clipboard errors gracefully" name="SocialShareButtons handles clipboard errors gracefully" time="1.005">
      <failure>Error: Unable to find an element with the text: /failed to copy/i. This could be because the text is broken up by multiple elements. In this case, you can provide a function for your text matcher to make your matcher more flexible.

Ignored nodes: comments, script, style
&lt;body&gt;
  &lt;div&gt;
    &lt;div
      aria-label=&quot;Share this article&quot;
      class=&quot;social-share-buttons&quot;
      role=&quot;group&quot;
    &gt;
      &lt;button
        aria-label=&quot;Share on Twitter&quot;
        class=&quot;share-button&quot;
      &gt;
        🐦
      &lt;/button&gt;
      &lt;button
        aria-label=&quot;Share on Facebook&quot;
        class=&quot;share-button&quot;
      &gt;
        📘
      &lt;/button&gt;
      &lt;button
        aria-label=&quot;Share on LinkedIn&quot;
        class=&quot;share-button&quot;
      &gt;
        💼
      &lt;/button&gt;
      &lt;button
        aria-label=&quot;Copy link to clipboard&quot;
        aria-pressed=&quot;false&quot;
        class=&quot;copy-button&quot;
      &gt;
        📋
      &lt;/button&gt;
    &lt;/div&gt;
    &lt;div
      aria-live=&quot;polite&quot;
      class=&quot;sr-only&quot;
      role=&quot;status&quot;
    /&gt;
  &lt;/div&gt;
&lt;/body&gt;
    at waitForWrapper (/home/seb/GITRepos/bikininjas.github.io/nextjs-blog/node_modules/@testing-library/dom/dist/wait-for.js:166:27)
    at /home/seb/GITRepos/bikininjas.github.io/nextjs-blog/node_modules/@testing-library/dom/dist/query-helpers.js:86:33
    at Object.findByText (/home/seb/GITRepos/bikininjas.github.io/nextjs-blog/components/SocialShareButtons.test.js:85:39)
    at Promise.then.completed (/home/seb/GITRepos/bikininjas.github.io/nextjs-blog/node_modules/jest-circus/build/utils.js:298:28)
    at new Promise (&lt;anonymous&gt;)
    at callAsyncCircusFn (/home/seb/GITRepos/bikininjas.github.io/nextjs-blog/node_modules/jest-circus/build/utils.js:231:10)
    at _callCircusTest (/home/seb/GITRepos/bikininjas.github.io/nextjs-blog/node_modules/jest-circus/build/run.js:316:40)
    at _runTest (/home/seb/GITRepos/bikininjas.github.io/nextjs-blog/node_modules/jest-circus/build/run.js:252:3)
    at _runTestsForDescribeBlock (/home/seb/GITRepos/bikininjas.github.io/nextjs-blog/node_modules/jest-circus/build/run.js:126:9)
    at _runTestsForDescribeBlock (/home/seb/GITRepos/bikininjas.github.io/nextjs-blog/node_modules/jest-circus/build/run.js:121:9)
    at run (/home/seb/GITRepos/bikininjas.github.io/nextjs-blog/node_modules/jest-circus/build/run.js:71:3)
    at runAndTransformResultsToJestFormat (/home/seb/GITRepos/bikininjas.github.io/nextjs-blog/node_modules/jest-circus/build/legacy-code-todo-rewrite/jestAdapterInit.js:122:21)
    at jestAdapter (/home/seb/GITRepos/bikininjas.github.io/nextjs-blog/node_modules/jest-circus/build/legacy-code-todo-rewrite/jestAdapter.js:79:19)
    at runTestInternal (/home/seb/GITRepos/bikininjas.github.io/nextjs-blog/node_modules/jest-runner/build/runTest.js:367:16)
    at runTest (/home/seb/GITRepos/bikininjas.github.io/nextjs-blog/node_modules/jest-runner/build/runTest.js:444:34)
    at Object.worker (/home/seb/GITRepos/bikininjas.github.io/nextjs-blog/node_modules/jest-runner/build/testWorker.js:106:12)</failure>
    </testcase>
  </testsuite>
</testsuites>