<testsuites id="" name="" tests="4" failures="3" skipped="0" errors="0" time="8.169922">
<testsuite name="navigation.spec.js" timestamp="2025-04-04T07:17:29.765Z" hostname="chromium" tests="4" failures="3" skipped="0" time="18.388" errors="0">
<testcase name="Navigation Tests › should navigate to the home page" classname="navigation.spec.js" time="4.321">
</testcase>
<testcase name="Navigation Tests › should navigate to a blog post" classname="navigation.spec.js" time="4.445">
<failure message="navigation.spec.js:16:3 should navigate to a blog post" type="FAILURE">
<![CDATA[  [chromium] › navigation.spec.js:16:3 › Navigation Tests › should navigate to a blog post ─────────

    Error: expect.toBeVisible: Error: strict mode violation: locator('h1') resolved to 2 elements:
        1) <h1 class="navbar-title">BikiNinjas</h1> aka getByRole('navigation').filter({ hasText: 'BikiNinjasAccueilBlogGitHub' }).getByRole('heading')
        2) <h1 class="ParallaxHero_title__K8rqy">BikiNinjas</h1> aka getByRole('main').getByRole('heading', { name: 'BikiNinjas' })

    Call log:
      - expect.toBeVisible with timeout 5000ms
      - waiting for locator('h1')


      22 |     
      23 |     // Vérifier que nous sommes sur la page de l'article
    > 24 |     await expect(page.locator('h1')).toBeVisible();
         |                                      ^
      25 |     
      26 |     // Vérifier que le contenu principal est présent
      27 |     await expect(page.locator('main')).toBeVisible();
        at /home/seb/GITRepos/bikininjas.github.io-1/nextjs-blog/playwright/tests/navigation.spec.js:24:38
]]>
</failure>
</testcase>
<testcase name="Navigation Tests › should load article content" classname="navigation.spec.js" time="4.811">
<failure message="navigation.spec.js:30:3 should load article content" type="FAILURE">
<![CDATA[  [chromium] › navigation.spec.js:30:3 › Navigation Tests › should load article content ────────────

    Error: expect.toBeVisible: Error: strict mode violation: locator('h1') resolved to 2 elements:
        1) <h1 class="navbar-title">BikiNinjas</h1> aka getByRole('heading', { name: 'BikiNinjas' })
        2) <h1 class="ParallaxHero_title__K8rqy">Harcèlement en ligne dans les jeux : Comprendre e…</h1> aka getByRole('heading', { name: 'Harcèlement en ligne dans les' })

    Call log:
      - expect.toBeVisible with timeout 5000ms
      - waiting for locator('h1')


      33 |     
      34 |     // Vérifier que la page est chargée
    > 35 |     await expect(page.locator('h1')).toBeVisible();
         |                                      ^
      36 |     
      37 |     // Vérifier que le contenu de l'article est présent
      38 |     await expect(page.locator('[class^="PostContent_postContent"]')).toBeVisible();
        at /home/seb/GITRepos/bikininjas.github.io-1/nextjs-blog/playwright/tests/navigation.spec.js:35:38
]]>
</failure>
</testcase>
<testcase name="Navigation Tests › should load Bluesky embeds" classname="navigation.spec.js" time="4.811">
<failure message="navigation.spec.js:41:3 should load Bluesky embeds" type="FAILURE">
<![CDATA[  [chromium] › navigation.spec.js:41:3 › Navigation Tests › should load Bluesky embeds ─────────────

    Error: expect.toBeVisible: Error: strict mode violation: locator('h1') resolved to 2 elements:
        1) <h1 class="navbar-title">BikiNinjas</h1> aka getByRole('heading', { name: 'BikiNinjas' })
        2) <h1 class="ParallaxHero_title__K8rqy">Harcèlement en ligne dans les jeux : Comprendre e…</h1> aka getByRole('heading', { name: 'Harcèlement en ligne dans les' })

    Call log:
      - expect.toBeVisible with timeout 5000ms
      - waiting for locator('h1')


      44 |     
      45 |     // Vérifier que la page est chargée
    > 46 |     await expect(page.locator('h1')).toBeVisible();
         |                                      ^
      47 |     
      48 |     // Vérifier que le contenu principal est présent
      49 |     await expect(page.locator('main')).toBeVisible();
        at /home/seb/GITRepos/bikininjas.github.io-1/nextjs-blog/playwright/tests/navigation.spec.js:46:38
]]>
</failure>
</testcase>
</testsuite>
</testsuites>