<?xml version="1.0" encoding="UTF-8"?>
<testsuites name="Mocha Tests" time="8.923" tests="3" failures="0">
  <testsuite name="Root Suite" timestamp="2025-04-01T04:07:07" tests="0" file="cypress/e2e/navigation.cy.js" time="0.000" failures="0">
  </testsuite>
  <testsuite name="Navigation Tests" timestamp="2025-04-01T04:07:07" tests="3" time="8.919" failures="0">
    <testcase name="Navigation Tests should navigate to the home page from the navbar" time="2.266" classname="should navigate to the home page from the navbar">
    </testcase>
    <testcase name="Navigation Tests should navigate between blog posts" time="4.446" classname="should navigate between blog posts">
    </testcase>
    <testcase name="Navigation Tests should have a navbar with navigation links" time="1.985" classname="should have a navbar with navigation links">
    </testcase>
  </testsuite>
</testsuites>