<?xml version="1.0" encoding="UTF-8"?>
<testsuites name="Mocha Tests" time="4.960" tests="4" failures="0">
  <testsuite name="Root Suite" timestamp="2025-04-04T07:17:33" tests="0" file="cypress/e2e/blog.cy.js" time="0.000" failures="0">
  </testsuite>
  <testsuite name="Blog Tests" timestamp="2025-04-04T07:17:33" tests="4" time="4.956" failures="0">
    <testcase name="Blog Tests should navigate to the home page" time="0.374" classname="should navigate to the home page">
    </testcase>
    <testcase name="Blog Tests should navigate to a blog post" time="1.861" classname="should navigate to a blog post">
    </testcase>
    <testcase name="Blog Tests should load article content" time="1.328" classname="should load article content">
    </testcase>
    <testcase name="Blog Tests should load Bluesky embeds" time="1.111" classname="should load Bluesky embeds">
    </testcase>
  </testsuite>
</testsuites>