TN:
SF:src/components/ArticleCard.tsx
FN:12,ArticleCard
FNF:1
FNH:1
FNDA:2,ArticleCard
DA:1,1
DA:2,1
DA:12,1
DA:13,2
LF:4
LH:4
BRF:0
BRH:0
end_of_record
TN:
SF:src/components/Footer.tsx
FN:3,Footer
FNF:1
FNH:1
FNDA:1,Footer
DA:1,1
DA:3,1
DA:4,1
LF:3
LH:3
BRF:0
BRH:0
end_of_record
TN:
SF:src/components/Header.tsx
FN:4,Header
FNF:1
FNH:1
FNDA:1,Header
DA:1,1
DA:2,1
DA:4,1
DA:5,1
LF:4
LH:4
BRF:0
BRH:0
end_of_record
TN:
SF:src/components/Pagination.tsx
FN:9,Pagination
FN:15,(anonymous_10)
FN:20,(anonymous_11)
FN:24,(anonymous_12)
FN:31,(anonymous_13)
FNF:5
FNH:4
FNDA:4,Pagination
FNDA:1,(anonymous_10)
FNDA:20,(anonymous_11)
FNDA:0,(anonymous_12)
FNDA:1,(anonymous_13)
DA:1,1
DA:9,1
DA:10,4
DA:11,4
DA:15,1
DA:21,20
DA:24,0
DA:31,1
LF:8
LH:7
BRDA:10,0,0,0
BRDA:23,1,0,4
BRDA:23,1,1,16
BRF:3
BRH:2
end_of_record
TN:
SF:src/components/SearchBar.tsx
FN:8,SearchBar
FN:18,(anonymous_10)
FN:25,(anonymous_11)
FNF:3
FNH:3
FNDA:4,SearchBar
FNDA:2,(anonymous_10)
FNDA:1,(anonymous_11)
DA:1,1
DA:2,1
DA:8,1
DA:9,4
DA:11,4
DA:19,2
DA:20,2
DA:25,1
LF:8
LH:8
BRF:0
BRH:0
end_of_record
